[debug] [2024-07-16T23:07:53.564Z] ----------------------------------------------------------------------
[debug] [2024-07-16T23:07:53.567Z] Command:       C:\Program Files\nodejs\node.exe C:\Users\ravel\AppData\Roaming\npm\node_modules\firebase-tools\lib\bin\firebase.js init
[debug] [2024-07-16T23:07:53.567Z] CLI Version:   13.13.3
[debug] [2024-07-16T23:07:53.567Z] Platform:      win32
[debug] [2024-07-16T23:07:53.567Z] Node Version:  v20.14.0
[debug] [2024-07-16T23:07:53.568Z] Time:          Tue Jul 16 2024 20:07:53 GMT-0300 (Horário Padrão de Brasília)
[debug] [2024-07-16T23:07:53.568Z] ----------------------------------------------------------------------
[debug] 
[debug] [2024-07-16T23:07:53.637Z] > command requires scopes: ["email","openid","https://www.googleapis.com/auth/cloudplatformprojects.readonly","https://www.googleapis.com/auth/firebase","https://www.googleapis.com/auth/cloud-platform"]
[debug] [2024-07-16T23:07:53.637Z] > authorizing via signed-in user (ravels78@gmail.com)
[info] 
     ######## #### ########  ######## ########     ###     ######  ########
     ##        ##  ##     ## ##       ##     ##  ##   ##  ##       ##
     ######    ##  ########  ######   ########  #########  ######  ######
     ##        ##  ##    ##  ##       ##     ## ##     ##       ## ##
     ##       #### ##     ## ######## ########  ##     ##  ######  ########

You're about to initialize a Firebase project in this directory:

  C:\Users\ravel\OneDrive\Documentos\Ravel\Sistema-de-Hotel

Before we get started, keep in mind:

  * You are initializing within an existing Firebase project directory

[info] 
=== Project Setup
[info] 
[info] First, let's associate this project directory with a Firebase project.
[info] You can create multiple project aliases by running firebase use --add, 
[info] but for now we'll just set up a default project.
[info] 
[debug] [2024-07-16T23:08:11.320Z] Using project from CLI flag: projeto-hotel-dev
[debug] [2024-07-16T23:08:11.322Z] >>> [apiv2][query] GET https://firebase.googleapis.com/v1beta1/projects/projeto-hotel-dev [none]
[debug] [2024-07-16T23:08:11.901Z] <<< [apiv2][status] GET https://firebase.googleapis.com/v1beta1/projects/projeto-hotel-dev 200
[debug] [2024-07-16T23:08:11.901Z] <<< [apiv2][body] GET https://firebase.googleapis.com/v1beta1/projects/projeto-hotel-dev {"projectId":"projeto-hotel-dev","projectNumber":"547001884301","displayName":"Projeto Hotel","name":"projects/projeto-hotel-dev","resources":{"hostingSite":"projeto-hotel-dev"},"state":"ACTIVE","etag":"1_6dd58630-c999-471f-9b96-a17292f44da0"}
[info] i  Using project projeto-hotel-dev (Projeto Hotel) 
[info] 
=== Hosting:github Setup
[info] 
[info] i  Detected a .git folder at C:\Users\ravel\OneDrive\Documentos\Ravel\Sistema-de-Hotel 
[info] i  Authorizing with GitHub to upload your service account to a GitHub repository's secrets store. 
[info] 
[info] Visit this URL on this device to log in:
[info] https://github.com/login/oauth/authorize?client_id=89cf50f02ac6aaed3484&state=402614994&redirect_uri=http%3A%2F%2Flocalhost%3A9005&scope=read%3Auser%20repo%20public_repo
[info] 
[info] Waiting for authentication...
